{"level":"info", "time":"2/13/2024, 10:46:59 AM","fileName":"Server.js","message":"HTTP server started on "}
{"level":"info", "time":"2/13/2024, 10:46:59 AM","fileName":"Server.js","message":"HTTPS server started on "}
{"level":"info", "time":"2/13/2024, 10:48:19 AM","fileName":"Server.js","message":"HTTP server started on "}
{"level":"info", "time":"2/13/2024, 10:48:19 AM","fileName":"Server.js","message":"HTTPS server started on "}
{"level":"info", "time":"2/13/2024, 10:50:22 AM","fileName":"Server.js","message":"HTTP server started on "}
{"level":"info", "time":"2/13/2024, 10:50:22 AM","fileName":"Server.js","message":"HTTPS server started on "}
{"level":"info", "time":"2/13/2024, 10:50:49 AM","fileName":"Server.js","message":"HTTP server started on "}
{"level":"info", "time":"2/13/2024, 10:50:49 AM","fileName":"Server.js","message":"HTTPS server started on "}
{"level":"info", "time":"2/13/2024, 10:53:24 AM","fileName":"Server.js","message":"HTTP server started on "}
{"level":"info", "time":"2/13/2024, 10:53:24 AM","fileName":"Server.js","message":"HTTPS server started on "}
{"level":"info", "time":"2/13/2024, 11:48:41 AM","fileName":"Server.js","message":"closing app"}
{"level":"info", "time":"2/13/2024, 12:40:50 PM","fileName":"Server.js","message":"HTTP server started on "}
{"level":"info", "time":"2/13/2024, 12:40:50 PM","fileName":"Server.js","message":"HTTPS server started on "}
{"level":"info", "time":"2/13/2024, 12:41:37 PM","fileName":"Server.js","message":"HTTP server started on "}
{"level":"info", "time":"2/13/2024, 12:41:37 PM","fileName":"Server.js","message":"HTTPS server started on "}
{"level":"info", "time":"2/13/2024, 12:41:50 PM","fileName":"Server.js","message":"HTTP server started on "}
{"level":"info", "time":"2/13/2024, 12:41:50 PM","fileName":"Server.js","message":"HTTPS server started on "}
{"level":"info", "time":"2/13/2024, 12:43:00 PM","fileName":"Server.js","message":"closing app"}
{"level":"info", "time":"2/13/2024, 12:43:37 PM","fileName":"Server.js","message":"HTTP server started on "}
{"level":"info", "time":"2/13/2024, 12:43:37 PM","fileName":"Server.js","message":"HTTPS server started on "}
{"level":"info", "time":"2/13/2024, 12:45:21 PM","fileName":"Server.js","message":"HTTP server started on "}
{"level":"info", "time":"2/13/2024, 12:45:21 PM","fileName":"Server.js","message":"HTTPS server started on "}
{"level":"info", "time":"2/13/2024, 12:45:25 PM","fileName":"Server.js","message":"HTTP server started on "}
{"level":"info", "time":"2/13/2024, 12:45:25 PM","fileName":"Server.js","message":"HTTPS server started on "}
{"level":"info", "time":"2/13/2024, 12:46:25 PM","fileName":"Server.js","message":"HTTP server started on "}
{"level":"info", "time":"2/13/2024, 12:46:25 PM","fileName":"Server.js","message":"HTTPS server started on "}
{"level":"info", "time":"2/13/2024, 2:12:05 PM","fileName":"Server.js","message":"HTTP server started on "}
{"level":"info", "time":"2/13/2024, 2:12:05 PM","fileName":"Server.js","message":"HTTPS server started on "}
{"level":"info", "time":"2/13/2024, 2:12:40 PM","fileName":"Server.js","message":"HTTP server started on "}
{"level":"info", "time":"2/13/2024, 2:12:40 PM","fileName":"Server.js","message":"HTTPS server started on "}
{"level":"info", "time":"2/13/2024, 2:13:11 PM","fileName":"Server.js","message":"closing app"}
